<?xml version="1.0" encoding="UTF-8"?>
<!-- Generated by org.testng.reporters.JUnitReportReporter -->
<testsuite hostname="DESKTOP-4EI5T7A" failures="0" tests="6" name="mainclass.Main" time="42.293" errors="0" timestamp="2021-11-13T12:42:31 IST" skipped="0">
  <testcase classname="mainclass.Main" name="A" time="9.652"/>
  <system-out/>
  <testcase classname="mainclass.Main" name="B" time="4.968"/>
  <system-out/>
  <testcase classname="mainclass.Main" name="C" time="5.185"/>
  <system-out/>
  <testcase classname="mainclass.Main" name="D" time="7.005"/>
  <system-out/>
  <testcase classname="mainclass.Main" name="E" time="9.882"/>
  <system-out/>
  <testcase classname="mainclass.Main" name="F" time="5.601"/>
  <system-out/>
</testsuite> <!-- mainclass.Main -->
